Arguments: 
  /Users/nordfjord/.nvm/versions/node/v12.19.0/bin/node /usr/local/Cellar/yarn/1.22.10/libexec/bin/yarn.js add --dev @types/ndoe

PATH: 
  /Users/nordfjord/.rvm/gems/ruby-2.6.5/bin:/Users/nordfjord/.rvm/gems/ruby-2.6.5@global/bin:/Users/nordfjord/.rvm/rubies/ruby-2.6.5/bin:/Users/nordfjord/bin:/Users/nordfjord/.yarn/bin:/Users/nordfjord/.config/yarn/global/node_modules/.bin:/Users/nordfjord/.nvm/versions/node/v12.19.0/bin:/Users/nordfjord/.local/bin:/usr/local/bin:/usr/bin:/bin:/usr/sbin:/sbin:/Library/Apple/usr/bin:/Users/nordfjord/.antigen/bundles/robbyrussell/oh-my-zsh/lib:/Users/nordfjord/.antigen/bundles/robbyrussell/oh-my-zsh/plugins/git:/Users/nordfjord/.antigen/bundles/robbyrussell/oh-my-zsh/plugins/z:/Users/nordfjord/.antigen/bundles/robbyrussell/oh-my-zsh/plugins/npm:/Users/nordfjord/.antigen/bundles/robbyrussell/oh-my-zsh/plugins/aws:/Users/nordfjord/.antigen/bundles/tomsquest/nvm-auto-use.zsh:/Users/nordfjord/.antigen/bundles/zsh-users/zsh-syntax-highlighting:/Users/nordfjord/.antigen/bundles/denysdovhan/spaceship-prompt:/Users/nordfjord/npm/bin:./node_modules/.bin:~/.cabal/bin:~/.ghcup/bin:/Users/nordfjord/.rvm/bin

Yarn version: 
  1.22.10

Node version: 
  12.19.0

Platform: 
  darwin x64

Trace: 
  Error: https://registry.yarnpkg.com/@types%2fndoe: Not found
      at Request.params.callback [as _callback] (/usr/local/Cellar/yarn/1.22.10/libexec/lib/cli.js:66988:18)
      at Request.self.callback (/usr/local/Cellar/yarn/1.22.10/libexec/lib/cli.js:140749:22)
      at Request.emit (events.js:314:20)
      at Request.<anonymous> (/usr/local/Cellar/yarn/1.22.10/libexec/lib/cli.js:141721:10)
      at Request.emit (events.js:314:20)
      at IncomingMessage.<anonymous> (/usr/local/Cellar/yarn/1.22.10/libexec/lib/cli.js:141643:12)
      at Object.onceWrapper (events.js:420:28)
      at IncomingMessage.emit (events.js:326:22)
      at endReadableNT (_stream_readable.js:1223:12)
      at processTicksAndRejections (internal/process/task_queues.js:84:21)

npm manifest: 
  {
    "dependencies": {
      "typescript": "^4.1.2"
    }
  }

yarn manifest: 
  No manifest

Lockfile: 
  # THIS IS AN AUTOGENERATED FILE. DO NOT EDIT THIS FILE DIRECTLY.
  # yarn lockfile v1
  
  
  typescript@^4.1.2:
    version "4.1.2"
    resolved "https://registry.yarnpkg.com/typescript/-/typescript-4.1.2.tgz#6369ef22516fe5e10304aae5a5c4862db55380e9"
    integrity sha512-thGloWsGH3SOxv1SoY7QojKi0tc+8FnOmiarEGMbd/lar7QOEd3hvlx3Fp5y6FlDUGl9L+pd4n2e+oToGMmhRQ==
